Started GET "/" for 127.0.0.1 at 2018-03-13 16:42:35 +0700
  
ActiveRecord::PendingMigrationError (

Migrations are pending. To resolve this issue, run:

        bin/rails db:migrate RAILS_ENV=development

):
  
activerecord (5.1.5) lib/active_record/migration.rb:576:in `check_pending!'
activerecord (5.1.5) lib/active_record/migration.rb:553:in `call'
actionpack (5.1.5) lib/action_dispatch/middleware/callbacks.rb:26:in `block in call'
activesupport (5.1.5) lib/active_support/callbacks.rb:97:in `run_callbacks'
actionpack (5.1.5) lib/action_dispatch/middleware/callbacks.rb:24:in `call'
actionpack (5.1.5) lib/action_dispatch/middleware/executor.rb:12:in `call'
actionpack (5.1.5) lib/action_dispatch/middleware/debug_exceptions.rb:59:in `call'
web-console (3.5.1) lib/web_console/middleware.rb:135:in `call_app'
web-console (3.5.1) lib/web_console/middleware.rb:28:in `block in call'
web-console (3.5.1) lib/web_console/middleware.rb:18:in `catch'
web-console (3.5.1) lib/web_console/middleware.rb:18:in `call'
actionpack (5.1.5) lib/action_dispatch/middleware/show_exceptions.rb:31:in `call'
railties (5.1.5) lib/rails/rack/logger.rb:36:in `call_app'
railties (5.1.5) lib/rails/rack/logger.rb:24:in `block in call'
activesupport (5.1.5) lib/active_support/tagged_logging.rb:69:in `block in tagged'
activesupport (5.1.5) lib/active_support/tagged_logging.rb:26:in `tagged'
activesupport (5.1.5) lib/active_support/tagged_logging.rb:69:in `tagged'
railties (5.1.5) lib/rails/rack/logger.rb:24:in `call'
sprockets-rails (3.2.1) lib/sprockets/rails/quiet_assets.rb:13:in `call'
actionpack (5.1.5) lib/action_dispatch/middleware/remote_ip.rb:79:in `call'
actionpack (5.1.5) lib/action_dispatch/middleware/request_id.rb:25:in `call'
rack (2.0.4) lib/rack/method_override.rb:22:in `call'
rack (2.0.4) lib/rack/runtime.rb:22:in `call'
activesupport (5.1.5) lib/active_support/cache/strategy/local_cache_middleware.rb:27:in `call'
actionpack (5.1.5) lib/action_dispatch/middleware/executor.rb:12:in `call'
actionpack (5.1.5) lib/action_dispatch/middleware/static.rb:125:in `call'
rack (2.0.4) lib/rack/sendfile.rb:111:in `call'
railties (5.1.5) lib/rails/engine.rb:522:in `call'
puma (3.11.3) lib/puma/configuration.rb:225:in `call'
puma (3.11.3) lib/puma/server.rb:624:in `handle_request'
puma (3.11.3) lib/puma/server.rb:438:in `process_client'
puma (3.11.3) lib/puma/server.rb:302:in `block in run'
puma (3.11.3) lib/puma/thread_pool.rb:120:in `block in spawn_thread'
  [1m[35m (0.1ms)[0m  [1m[34mSELECT sqlite_version(*)[0m
  [1m[35m (164.3ms)[0m  [1m[35mCREATE TABLE "schema_migrations" ("version" varchar NOT NULL PRIMARY KEY)[0m
  [1m[35m (142.5ms)[0m  [1m[35mCREATE TABLE "ar_internal_metadata" ("key" varchar NOT NULL PRIMARY KEY, "value" varchar, "created_at" datetime NOT NULL, "updated_at" datetime NOT NULL)[0m
  [1m[35m (0.1ms)[0m  [1m[34mSELECT "schema_migrations"."version" FROM "schema_migrations" ORDER BY "schema_migrations"."version" ASC[0m
Migrating to CreateDayLives (20180312095230)
  [1m[35m (0.1ms)[0m  [1m[36mbegin transaction[0m
  [1m[35m (0.5ms)[0m  [1m[35mCREATE TABLE "day_lives" ("id" INTEGER PRIMARY KEY AUTOINCREMENT NOT NULL, "goal" text, "diary" text, "day" date, "status" varchar, "created_at" datetime NOT NULL, "updated_at" datetime NOT NULL)[0m
  [1m[35mSQL (0.2ms)[0m  [1m[32mINSERT INTO "schema_migrations" ("version") VALUES (?)[0m  [["version", "20180312095230"]]
  [1m[35m (152.8ms)[0m  [1m[36mcommit transaction[0m
Migrating to CreateUsers (20180313093215)
  [1m[35m (0.2ms)[0m  [1m[36mbegin transaction[0m
  [1m[35m (0.7ms)[0m  [1m[35mCREATE TABLE "users" ("id" INTEGER PRIMARY KEY AUTOINCREMENT NOT NULL, "usename" varchar, "password" varchar, "created_at" datetime NOT NULL, "updated_at" datetime NOT NULL)[0m
  [1m[35mSQL (0.3ms)[0m  [1m[32mINSERT INTO "schema_migrations" ("version") VALUES (?)[0m  [["version", "20180313093215"]]
  [1m[35m (159.5ms)[0m  [1m[36mcommit transaction[0m
  [1m[36mActiveRecord::InternalMetadata Load (0.3ms)[0m  [1m[34mSELECT  "ar_internal_metadata".* FROM "ar_internal_metadata" WHERE "ar_internal_metadata"."key" = ? LIMIT ?[0m  [["key", "environment"], ["LIMIT", 1]]
  [1m[35m (0.1ms)[0m  [1m[36mbegin transaction[0m
  [1m[35mSQL (0.3ms)[0m  [1m[32mINSERT INTO "ar_internal_metadata" ("key", "value", "created_at", "updated_at") VALUES (?, ?, ?, ?)[0m  [["key", "environment"], ["value", "development"], ["created_at", "2018-03-13 09:42:55.938258"], ["updated_at", "2018-03-13 09:42:55.938258"]]
  [1m[35m (89.5ms)[0m  [1m[36mcommit transaction[0m
  [1m[35m (0.3ms)[0m  [1m[34mSELECT "schema_migrations"."version" FROM "schema_migrations" ORDER BY "schema_migrations"."version" ASC[0m
Started GET "/" for 127.0.0.1 at 2018-03-13 16:42:59 +0700
  [1m[35m (0.2ms)[0m  [1m[34mSELECT "schema_migrations"."version" FROM "schema_migrations" ORDER BY "schema_migrations"."version" ASC[0m
Processing by UsersController#showlogin as HTML
  Rendering users/showlogin.html.erb within layouts/application
  Rendered users/showlogin.html.erb within layouts/application (59.5ms)
Completed 200 OK in 6000ms (Views: 5992.1ms | ActiveRecord: 0.0ms)


Started GET "/" for 127.0.0.1 at 2018-03-13 16:49:37 +0700
Processing by UsersController#showlogin as HTML
  Rendering users/showlogin.html.erb within layouts/application
  Rendered users/showlogin.html.erb within layouts/application (2.6ms)
Completed 200 OK in 92ms (Views: 90.1ms)


Started GET "/" for 127.0.0.1 at 2018-03-13 16:50:42 +0700
Processing by UsersController#showlogin as HTML
  Rendering users/showlogin.html.erb within layouts/application
  Rendered users/showlogin.html.erb within layouts/application (1.8ms)
Completed 200 OK in 68ms (Views: 66.3ms)


Started GET "/" for 127.0.0.1 at 2018-03-13 16:51:09 +0700
Processing by UsersController#showlogin as HTML
  Rendering users/showlogin.html.erb within layouts/application
  Rendered users/showlogin.html.erb within layouts/application (2.1ms)
Completed 200 OK in 80ms (Views: 78.2ms)


Started POST "/users/login" for 127.0.0.1 at 2018-03-13 16:51:10 +0700
Processing by UsersController#login as HTML
  Parameters: {"utf8"=>"✓", "authenticity_token"=>"2uJh9moa3V0AHvXqrfqnw5AibqDR0JuU3KJmQYyjG03idxXSbanUpmIN7zyI81T1DIJ0E18L1M499EDJiSw1yQ==", "users"=>{"username"=>"admin", "password"=>"[FILTERED]"}, "commit"=>"Đăng nhập"}
Completed 500 Internal Server Error in 30ms (ActiveRecord: 0.7ms)


  
NoMethodError (undefined method `find_by_username' for #<Class:0x007f3bffa8ef98>
Did you mean?  find_by_sql):
  
app/controllers/users_controller.rb:3:in `login'
  [1m[35m (0.1ms)[0m  [1m[34mSELECT "schema_migrations"."version" FROM "schema_migrations" ORDER BY "schema_migrations"."version" ASC[0m
  [1m[35m (0.1ms)[0m  [1m[34mSELECT "ar_internal_metadata"."value" FROM "ar_internal_metadata" WHERE "ar_internal_metadata"."key" = ?[0m  [["key", "environment"]]
  [1m[35m (0.1ms)[0m  [1m[34mSELECT "schema_migrations"."version" FROM "schema_migrations" ORDER BY "schema_migrations"."version" ASC[0m
  [1m[35m (0.1ms)[0m  [1m[34mSELECT "ar_internal_metadata"."value" FROM "ar_internal_metadata" WHERE "ar_internal_metadata"."key" = ?[0m  [["key", "environment"]]
  [1m[35m (0.1ms)[0m  [1m[34mSELECT "schema_migrations"."version" FROM "schema_migrations" ORDER BY "schema_migrations"."version" ASC[0m
  [1m[35m (0.1ms)[0m  [1m[34mSELECT "ar_internal_metadata"."value" FROM "ar_internal_metadata" WHERE "ar_internal_metadata"."key" = ?[0m  [["key", "environment"]]
  [1m[35m (0.1ms)[0m  [1m[35mDROP TABLE IF EXISTS "day_lives"[0m
  [1m[35m (0.1ms)[0m  [1m[34mSELECT sqlite_version(*)[0m
  [1m[35m (97.3ms)[0m  [1m[35mCREATE TABLE "day_lives" ("id" INTEGER PRIMARY KEY AUTOINCREMENT NOT NULL, "goal" text, "diary" text, "day" date, "status" varchar, "created_at" datetime NOT NULL, "updated_at" datetime NOT NULL)[0m
  [1m[35m (0.4ms)[0m  [1m[35mDROP TABLE IF EXISTS "users"[0m
  [1m[35m (123.7ms)[0m  [1m[35mCREATE TABLE "users" ("id" INTEGER PRIMARY KEY AUTOINCREMENT NOT NULL, "usename" varchar, "password" varchar, "created_at" datetime NOT NULL, "updated_at" datetime NOT NULL)[0m
  [1m[35m (122.4ms)[0m  [1m[35mCREATE TABLE "schema_migrations" ("version" varchar NOT NULL PRIMARY KEY)[0m
  [1m[35m (0.2ms)[0m  [1m[34mSELECT "schema_migrations"."version" FROM "schema_migrations" ORDER BY "schema_migrations"."version" ASC[0m
  [1m[35m (171.3ms)[0m  [1m[32mINSERT INTO "schema_migrations" (version) VALUES (20180313093215)[0m
  [1m[35m (287.5ms)[0m  [1m[32mINSERT INTO "schema_migrations" (version) VALUES
(20180312095230);

[0m
  [1m[35m (98.2ms)[0m  [1m[35mCREATE TABLE "ar_internal_metadata" ("key" varchar NOT NULL PRIMARY KEY, "value" varchar, "created_at" datetime NOT NULL, "updated_at" datetime NOT NULL)[0m
  [1m[36mActiveRecord::InternalMetadata Load (0.4ms)[0m  [1m[34mSELECT  "ar_internal_metadata".* FROM "ar_internal_metadata" WHERE "ar_internal_metadata"."key" = ? LIMIT ?[0m  [["key", "environment"], ["LIMIT", 1]]
  [1m[35m (0.1ms)[0m  [1m[36mbegin transaction[0m
  [1m[35mSQL (0.8ms)[0m  [1m[32mINSERT INTO "ar_internal_metadata" ("key", "value", "created_at", "updated_at") VALUES (?, ?, ?, ?)[0m  [["key", "environment"], ["value", "development"], ["created_at", "2018-03-13 09:52:13.008869"], ["updated_at", "2018-03-13 09:52:13.008869"]]
  [1m[35m (84.8ms)[0m  [1m[36mcommit transaction[0m
  [1m[36mActiveRecord::InternalMetadata Load (0.1ms)[0m  [1m[34mSELECT  "ar_internal_metadata".* FROM "ar_internal_metadata" WHERE "ar_internal_metadata"."key" = ? LIMIT ?[0m  [["key", "environment"], ["LIMIT", 1]]
  [1m[35m (0.1ms)[0m  [1m[36mbegin transaction[0m
  [1m[35m (0.1ms)[0m  [1m[36mcommit transaction[0m
  [1m[35m (0.1ms)[0m  [1m[35mDROP TABLE IF EXISTS "day_lives"[0m
  [1m[35m (0.1ms)[0m  [1m[34mSELECT sqlite_version(*)[0m
  [1m[35m (72.6ms)[0m  [1m[35mCREATE TABLE "day_lives" ("id" INTEGER PRIMARY KEY AUTOINCREMENT NOT NULL, "goal" text, "diary" text, "day" date, "status" varchar, "created_at" datetime NOT NULL, "updated_at" datetime NOT NULL)[0m
  [1m[35m (0.4ms)[0m  [1m[35mDROP TABLE IF EXISTS "users"[0m
  [1m[35m (114.7ms)[0m  [1m[35mCREATE TABLE "users" ("id" INTEGER PRIMARY KEY AUTOINCREMENT NOT NULL, "usename" varchar, "password" varchar, "created_at" datetime NOT NULL, "updated_at" datetime NOT NULL)[0m
  [1m[35m (107.8ms)[0m  [1m[35mCREATE TABLE "schema_migrations" ("version" varchar NOT NULL PRIMARY KEY)[0m
  [1m[35m (0.5ms)[0m  [1m[34mSELECT "schema_migrations"."version" FROM "schema_migrations" ORDER BY "schema_migrations"."version" ASC[0m
  [1m[35m (142.8ms)[0m  [1m[32mINSERT INTO "schema_migrations" (version) VALUES (20180313093215)[0m
  [1m[35m (106.5ms)[0m  [1m[32mINSERT INTO "schema_migrations" (version) VALUES
(20180312095230);

[0m
  [1m[35m (116.2ms)[0m  [1m[35mCREATE TABLE "ar_internal_metadata" ("key" varchar NOT NULL PRIMARY KEY, "value" varchar, "created_at" datetime NOT NULL, "updated_at" datetime NOT NULL)[0m
  [1m[36mActiveRecord::InternalMetadata Load (0.7ms)[0m  [1m[34mSELECT  "ar_internal_metadata".* FROM "ar_internal_metadata" WHERE "ar_internal_metadata"."key" = ? LIMIT ?[0m  [["key", "environment"], ["LIMIT", 1]]
  [1m[35m (0.2ms)[0m  [1m[36mbegin transaction[0m
  [1m[35mSQL (0.8ms)[0m  [1m[32mINSERT INTO "ar_internal_metadata" ("key", "value", "created_at", "updated_at") VALUES (?, ?, ?, ?)[0m  [["key", "environment"], ["value", "development"], ["created_at", "2018-03-13 09:52:13.776192"], ["updated_at", "2018-03-13 09:52:13.776192"]]
  [1m[35m (108.6ms)[0m  [1m[36mcommit transaction[0m
  [1m[36mActiveRecord::InternalMetadata Load (0.2ms)[0m  [1m[34mSELECT  "ar_internal_metadata".* FROM "ar_internal_metadata" WHERE "ar_internal_metadata"."key" = ? LIMIT ?[0m  [["key", "environment"], ["LIMIT", 1]]
  [1m[35m (0.1ms)[0m  [1m[36mbegin transaction[0m
  [1m[35mSQL (0.4ms)[0m  [1m[33mUPDATE "ar_internal_metadata" SET "value" = ?, "updated_at" = ? WHERE "ar_internal_metadata"."key" = ?[0m  [["value", "test"], ["updated_at", "2018-03-13 09:52:13.891259"], ["key", "environment"]]
  [1m[35m (102.5ms)[0m  [1m[36mcommit transaction[0m
  [1m[35m (0.2ms)[0m  [1m[34mSELECT "schema_migrations"."version" FROM "schema_migrations" ORDER BY "schema_migrations"."version" ASC[0m
  [1m[35m (0.1ms)[0m  [1m[34mSELECT "schema_migrations"."version" FROM "schema_migrations" ORDER BY "schema_migrations"."version" ASC[0m
  [1m[35m (0.1ms)[0m  [1m[34mSELECT "ar_internal_metadata"."value" FROM "ar_internal_metadata" WHERE "ar_internal_metadata"."key" = ?[0m  [["key", "environment"]]
  [1m[35m (0.1ms)[0m  [1m[34mSELECT "schema_migrations"."version" FROM "schema_migrations" ORDER BY "schema_migrations"."version" ASC[0m
  [1m[35m (0.1ms)[0m  [1m[34mSELECT "ar_internal_metadata"."value" FROM "ar_internal_metadata" WHERE "ar_internal_metadata"."key" = ?[0m  [["key", "environment"]]
  [1m[35m (0.1ms)[0m  [1m[34mSELECT "schema_migrations"."version" FROM "schema_migrations" ORDER BY "schema_migrations"."version" ASC[0m
  [1m[35m (0.1ms)[0m  [1m[34mSELECT "ar_internal_metadata"."value" FROM "ar_internal_metadata" WHERE "ar_internal_metadata"."key" = ?[0m  [["key", "environment"]]
  [1m[35m (0.1ms)[0m  [1m[35mDROP TABLE IF EXISTS "day_lives"[0m
  [1m[35m (0.1ms)[0m  [1m[34mSELECT sqlite_version(*)[0m
  [1m[35m (127.2ms)[0m  [1m[35mCREATE TABLE "day_lives" ("id" INTEGER PRIMARY KEY AUTOINCREMENT NOT NULL, "goal" text, "diary" text, "day" date, "status" varchar, "created_at" datetime NOT NULL, "updated_at" datetime NOT NULL)[0m
  [1m[35m (0.3ms)[0m  [1m[35mDROP TABLE IF EXISTS "users"[0m
  [1m[35m (119.5ms)[0m  [1m[35mCREATE TABLE "users" ("id" INTEGER PRIMARY KEY AUTOINCREMENT NOT NULL, "usename" varchar, "password" varchar, "created_at" datetime NOT NULL, "updated_at" datetime NOT NULL)[0m
  [1m[35m (118.9ms)[0m  [1m[35mCREATE TABLE "schema_migrations" ("version" varchar NOT NULL PRIMARY KEY)[0m
  [1m[35m (0.2ms)[0m  [1m[34mSELECT "schema_migrations"."version" FROM "schema_migrations" ORDER BY "schema_migrations"."version" ASC[0m
  [1m[35m (107.6ms)[0m  [1m[32mINSERT INTO "schema_migrations" (version) VALUES (20180313093215)[0m
  [1m[35m (62.2ms)[0m  [1m[32mINSERT INTO "schema_migrations" (version) VALUES
(20180312095230);

[0m
  [1m[35m (139.0ms)[0m  [1m[35mCREATE TABLE "ar_internal_metadata" ("key" varchar NOT NULL PRIMARY KEY, "value" varchar, "created_at" datetime NOT NULL, "updated_at" datetime NOT NULL)[0m
  [1m[36mActiveRecord::InternalMetadata Load (0.3ms)[0m  [1m[34mSELECT  "ar_internal_metadata".* FROM "ar_internal_metadata" WHERE "ar_internal_metadata"."key" = ? LIMIT ?[0m  [["key", "environment"], ["LIMIT", 1]]
  [1m[35m (0.1ms)[0m  [1m[36mbegin transaction[0m
  [1m[35mSQL (0.3ms)[0m  [1m[32mINSERT INTO "ar_internal_metadata" ("key", "value", "created_at", "updated_at") VALUES (?, ?, ?, ?)[0m  [["key", "environment"], ["value", "development"], ["created_at", "2018-03-13 09:53:52.931870"], ["updated_at", "2018-03-13 09:53:52.931870"]]
  [1m[35m (82.0ms)[0m  [1m[36mcommit transaction[0m
  [1m[36mActiveRecord::InternalMetadata Load (0.2ms)[0m  [1m[34mSELECT  "ar_internal_metadata".* FROM "ar_internal_metadata" WHERE "ar_internal_metadata"."key" = ? LIMIT ?[0m  [["key", "environment"], ["LIMIT", 1]]
  [1m[35m (0.2ms)[0m  [1m[36mbegin transaction[0m
  [1m[35m (0.1ms)[0m  [1m[36mcommit transaction[0m
  [1m[35m (0.1ms)[0m  [1m[35mDROP TABLE IF EXISTS "day_lives"[0m
  [1m[35m (0.2ms)[0m  [1m[34mSELECT sqlite_version(*)[0m
  [1m[35m (129.4ms)[0m  [1m[35mCREATE TABLE "day_lives" ("id" INTEGER PRIMARY KEY AUTOINCREMENT NOT NULL, "goal" text, "diary" text, "day" date, "status" varchar, "created_at" datetime NOT NULL, "updated_at" datetime NOT NULL)[0m
  [1m[35m (0.3ms)[0m  [1m[35mDROP TABLE IF EXISTS "users"[0m
  [1m[35m (132.9ms)[0m  [1m[35mCREATE TABLE "users" ("id" INTEGER PRIMARY KEY AUTOINCREMENT NOT NULL, "usename" varchar, "password" varchar, "created_at" datetime NOT NULL, "updated_at" datetime NOT NULL)[0m
  [1m[35m (265.5ms)[0m  [1m[35mCREATE TABLE "schema_migrations" ("version" varchar NOT NULL PRIMARY KEY)[0m
  [1m[35m (0.3ms)[0m  [1m[34mSELECT "schema_migrations"."version" FROM "schema_migrations" ORDER BY "schema_migrations"."version" ASC[0m
  [1m[35m (107.0ms)[0m  [1m[32mINSERT INTO "schema_migrations" (version) VALUES (20180313093215)[0m
  [1m[35m (110.6ms)[0m  [1m[32mINSERT INTO "schema_migrations" (version) VALUES
(20180312095230);

[0m
  [1m[35m (126.8ms)[0m  [1m[35mCREATE TABLE "ar_internal_metadata" ("key" varchar NOT NULL PRIMARY KEY, "value" varchar, "created_at" datetime NOT NULL, "updated_at" datetime NOT NULL)[0m
  [1m[36mActiveRecord::InternalMetadata Load (0.4ms)[0m  [1m[34mSELECT  "ar_internal_metadata".* FROM "ar_internal_metadata" WHERE "ar_internal_metadata"."key" = ? LIMIT ?[0m  [["key", "environment"], ["LIMIT", 1]]
  [1m[35m (0.1ms)[0m  [1m[36mbegin transaction[0m
  [1m[35mSQL (0.3ms)[0m  [1m[32mINSERT INTO "ar_internal_metadata" ("key", "value", "created_at", "updated_at") VALUES (?, ?, ?, ?)[0m  [["key", "environment"], ["value", "development"], ["created_at", "2018-03-13 09:53:53.911878"], ["updated_at", "2018-03-13 09:53:53.911878"]]
  [1m[35m (100.4ms)[0m  [1m[36mcommit transaction[0m
  [1m[36mActiveRecord::InternalMetadata Load (0.3ms)[0m  [1m[34mSELECT  "ar_internal_metadata".* FROM "ar_internal_metadata" WHERE "ar_internal_metadata"."key" = ? LIMIT ?[0m  [["key", "environment"], ["LIMIT", 1]]
  [1m[35m (0.2ms)[0m  [1m[36mbegin transaction[0m
  [1m[35mSQL (0.3ms)[0m  [1m[33mUPDATE "ar_internal_metadata" SET "value" = ?, "updated_at" = ? WHERE "ar_internal_metadata"."key" = ?[0m  [["value", "test"], ["updated_at", "2018-03-13 09:53:54.017701"], ["key", "environment"]]
  [1m[35m (94.0ms)[0m  [1m[36mcommit transaction[0m
  [1m[35m (0.1ms)[0m  [1m[34mSELECT "schema_migrations"."version" FROM "schema_migrations" ORDER BY "schema_migrations"."version" ASC[0m
  [1m[35m (0.1ms)[0m  [1m[34mSELECT "schema_migrations"."version" FROM "schema_migrations" ORDER BY "schema_migrations"."version" ASC[0m
  [1m[35m (0.1ms)[0m  [1m[34mSELECT "ar_internal_metadata"."value" FROM "ar_internal_metadata" WHERE "ar_internal_metadata"."key" = ?[0m  [["key", "environment"]]
  [1m[35m (0.1ms)[0m  [1m[34mSELECT "schema_migrations"."version" FROM "schema_migrations" ORDER BY "schema_migrations"."version" ASC[0m
  [1m[35m (0.1ms)[0m  [1m[34mSELECT "ar_internal_metadata"."value" FROM "ar_internal_metadata" WHERE "ar_internal_metadata"."key" = ?[0m  [["key", "environment"]]
  [1m[35m (0.1ms)[0m  [1m[34mSELECT "schema_migrations"."version" FROM "schema_migrations" ORDER BY "schema_migrations"."version" ASC[0m
  [1m[35m (0.1ms)[0m  [1m[34mSELECT "ar_internal_metadata"."value" FROM "ar_internal_metadata" WHERE "ar_internal_metadata"."key" = ?[0m  [["key", "environment"]]
  [1m[35m (0.1ms)[0m  [1m[35mDROP TABLE IF EXISTS "day_lives"[0m
  [1m[35m (0.1ms)[0m  [1m[34mSELECT sqlite_version(*)[0m
  [1m[35m (114.3ms)[0m  [1m[35mCREATE TABLE "day_lives" ("id" INTEGER PRIMARY KEY AUTOINCREMENT NOT NULL, "goal" text, "diary" text, "day" date, "status" varchar, "created_at" datetime NOT NULL, "updated_at" datetime NOT NULL)[0m
  [1m[35m (0.3ms)[0m  [1m[35mDROP TABLE IF EXISTS "users"[0m
  [1m[35m (122.1ms)[0m  [1m[35mCREATE TABLE "users" ("id" INTEGER PRIMARY KEY AUTOINCREMENT NOT NULL, "username" varchar, "password" varchar, "created_at" datetime NOT NULL, "updated_at" datetime NOT NULL)[0m
  [1m[35m (119.7ms)[0m  [1m[35mCREATE TABLE "schema_migrations" ("version" varchar NOT NULL PRIMARY KEY)[0m
  [1m[35m (0.2ms)[0m  [1m[34mSELECT "schema_migrations"."version" FROM "schema_migrations" ORDER BY "schema_migrations"."version" ASC[0m
  [1m[35m (93.7ms)[0m  [1m[32mINSERT INTO "schema_migrations" (version) VALUES (20180313093215)[0m
  [1m[35m (97.5ms)[0m  [1m[32mINSERT INTO "schema_migrations" (version) VALUES
(20180312095230);

[0m
  [1m[35m (151.3ms)[0m  [1m[35mCREATE TABLE "ar_internal_metadata" ("key" varchar NOT NULL PRIMARY KEY, "value" varchar, "created_at" datetime NOT NULL, "updated_at" datetime NOT NULL)[0m
  [1m[36mActiveRecord::InternalMetadata Load (0.3ms)[0m  [1m[34mSELECT  "ar_internal_metadata".* FROM "ar_internal_metadata" WHERE "ar_internal_metadata"."key" = ? LIMIT ?[0m  [["key", "environment"], ["LIMIT", 1]]
  [1m[35m (0.1ms)[0m  [1m[36mbegin transaction[0m
  [1m[35mSQL (0.4ms)[0m  [1m[32mINSERT INTO "ar_internal_metadata" ("key", "value", "created_at", "updated_at") VALUES (?, ?, ?, ?)[0m  [["key", "environment"], ["value", "development"], ["created_at", "2018-03-13 09:54:44.414327"], ["updated_at", "2018-03-13 09:54:44.414327"]]
  [1m[35m (78.3ms)[0m  [1m[36mcommit transaction[0m
  [1m[36mActiveRecord::InternalMetadata Load (0.2ms)[0m  [1m[34mSELECT  "ar_internal_metadata".* FROM "ar_internal_metadata" WHERE "ar_internal_metadata"."key" = ? LIMIT ?[0m  [["key", "environment"], ["LIMIT", 1]]
  [1m[35m (0.1ms)[0m  [1m[36mbegin transaction[0m
  [1m[35m (0.1ms)[0m  [1m[36mcommit transaction[0m
  [1m[35m (0.1ms)[0m  [1m[35mDROP TABLE IF EXISTS "day_lives"[0m
  [1m[35m (0.2ms)[0m  [1m[34mSELECT sqlite_version(*)[0m
  [1m[35m (117.4ms)[0m  [1m[35mCREATE TABLE "day_lives" ("id" INTEGER PRIMARY KEY AUTOINCREMENT NOT NULL, "goal" text, "diary" text, "day" date, "status" varchar, "created_at" datetime NOT NULL, "updated_at" datetime NOT NULL)[0m
  [1m[35m (0.2ms)[0m  [1m[35mDROP TABLE IF EXISTS "users"[0m
  [1m[35m (96.4ms)[0m  [1m[35mCREATE TABLE "users" ("id" INTEGER PRIMARY KEY AUTOINCREMENT NOT NULL, "username" varchar, "password" varchar, "created_at" datetime NOT NULL, "updated_at" datetime NOT NULL)[0m
  [1m[35m (163.1ms)[0m  [1m[35mCREATE TABLE "schema_migrations" ("version" varchar NOT NULL PRIMARY KEY)[0m
  [1m[35m (0.2ms)[0m  [1m[34mSELECT "schema_migrations"."version" FROM "schema_migrations" ORDER BY "schema_migrations"."version" ASC[0m
  [1m[35m (123.0ms)[0m  [1m[32mINSERT INTO "schema_migrations" (version) VALUES (20180313093215)[0m
  [1m[35m (99.0ms)[0m  [1m[32mINSERT INTO "schema_migrations" (version) VALUES
(20180312095230);

[0m
  [1m[35m (148.3ms)[0m  [1m[35mCREATE TABLE "ar_internal_metadata" ("key" varchar NOT NULL PRIMARY KEY, "value" varchar, "created_at" datetime NOT NULL, "updated_at" datetime NOT NULL)[0m
  [1m[36mActiveRecord::InternalMetadata Load (0.3ms)[0m  [1m[34mSELECT  "ar_internal_metadata".* FROM "ar_internal_metadata" WHERE "ar_internal_metadata"."key" = ? LIMIT ?[0m  [["key", "environment"], ["LIMIT", 1]]
  [1m[35m (0.1ms)[0m  [1m[36mbegin transaction[0m
  [1m[35mSQL (0.3ms)[0m  [1m[32mINSERT INTO "ar_internal_metadata" ("key", "value", "created_at", "updated_at") VALUES (?, ?, ?, ?)[0m  [["key", "environment"], ["value", "development"], ["created_at", "2018-03-13 09:54:45.263447"], ["updated_at", "2018-03-13 09:54:45.263447"]]
  [1m[35m (122.4ms)[0m  [1m[36mcommit transaction[0m
  [1m[36mActiveRecord::InternalMetadata Load (0.2ms)[0m  [1m[34mSELECT  "ar_internal_metadata".* FROM "ar_internal_metadata" WHERE "ar_internal_metadata"."key" = ? LIMIT ?[0m  [["key", "environment"], ["LIMIT", 1]]
  [1m[35m (0.1ms)[0m  [1m[36mbegin transaction[0m
  [1m[35mSQL (0.3ms)[0m  [1m[33mUPDATE "ar_internal_metadata" SET "value" = ?, "updated_at" = ? WHERE "ar_internal_metadata"."key" = ?[0m  [["value", "test"], ["updated_at", "2018-03-13 09:54:45.391583"], ["key", "environment"]]
  [1m[35m (104.3ms)[0m  [1m[36mcommit transaction[0m
  [1m[35m (0.4ms)[0m  [1m[34mSELECT "schema_migrations"."version" FROM "schema_migrations" ORDER BY "schema_migrations"."version" ASC[0m
  [1m[35m (0.1ms)[0m  [1m[36mbegin transaction[0m
  [1m[35mSQL (0.4ms)[0m  [1m[32mINSERT INTO "users" ("username", "password", "created_at", "updated_at") VALUES (?, ?, ?, ?)[0m  [["username", "decenova"], ["password", "789852"], ["created_at", "2018-03-13 09:54:45.513247"], ["updated_at", "2018-03-13 09:54:45.513247"]]
  [1m[35m (89.6ms)[0m  [1m[36mcommit transaction[0m
Started POST "/users/login" for 127.0.0.1 at 2018-03-13 16:55:20 +0700
  [1m[35m (0.2ms)[0m  [1m[34mSELECT "schema_migrations"."version" FROM "schema_migrations" ORDER BY "schema_migrations"."version" ASC[0m
Processing by UsersController#login as HTML
  Parameters: {"utf8"=>"✓", "authenticity_token"=>"2uJh9moa3V0AHvXqrfqnw5AibqDR0JuU3KJmQYyjG03idxXSbanUpmIN7zyI81T1DIJ0E18L1M499EDJiSw1yQ==", "users"=>{"username"=>"admin", "password"=>"[FILTERED]"}, "commit"=>"Đăng nhập"}
  [1m[36mUser Load (0.2ms)[0m  [1m[34mSELECT  "users".* FROM "users" WHERE "users"."username" = ? LIMIT ?[0m  [["username", "admin"], ["LIMIT", 1]]
Completed 500 Internal Server Error in 8ms (ActiveRecord: 0.6ms)


  
ActionView::MissingTemplate (Missing template users/root, application/root with {:locale=>[:en], :formats=>[:html], :variants=>[], :handlers=>[:raw, :erb, :html, :builder, :ruby, :coffee, :jbuilder]}. Searched in:
  * "/home/thangmd/Documents/Work/RubyOnRail/dehabitat/app/views"
):
  
app/controllers/users_controller.rb:10:in `login'
Started POST "/users/login" for 127.0.0.1 at 2018-03-13 16:55:45 +0700
Processing by UsersController#login as HTML
  Parameters: {"utf8"=>"✓", "authenticity_token"=>"2uJh9moa3V0AHvXqrfqnw5AibqDR0JuU3KJmQYyjG03idxXSbanUpmIN7zyI81T1DIJ0E18L1M499EDJiSw1yQ==", "users"=>{"username"=>"admin", "password"=>"[FILTERED]"}, "commit"=>"Đăng nhập"}
  [1m[36mUser Load (0.2ms)[0m  [1m[34mSELECT  "users".* FROM "users" WHERE "users"."username" = ? LIMIT ?[0m  [["username", "admin"], ["LIMIT", 1]]
Completed 500 Internal Server Error in 8ms (ActiveRecord: 0.8ms)


  
NoMethodError (undefined method `empty?' for nil:NilClass):
  
app/controllers/users_controller.rb:10:in `login'
Started POST "/users/login" for 127.0.0.1 at 2018-03-13 16:56:44 +0700
Processing by UsersController#login as HTML
  Parameters: {"utf8"=>"✓", "authenticity_token"=>"2uJh9moa3V0AHvXqrfqnw5AibqDR0JuU3KJmQYyjG03idxXSbanUpmIN7zyI81T1DIJ0E18L1M499EDJiSw1yQ==", "users"=>{"username"=>"admin", "password"=>"[FILTERED]"}, "commit"=>"Đăng nhập"}
  [1m[36mUser Load (0.2ms)[0m  [1m[34mSELECT  "users".* FROM "users" WHERE "users"."username" = ? LIMIT ?[0m  [["username", "admin"], ["LIMIT", 1]]
  Rendering users/showlogin.html.erb within layouts/application
  Rendered users/showlogin.html.erb within layouts/application (2.0ms)
Completed 200 OK in 70ms (Views: 61.6ms | ActiveRecord: 1.0ms)


Started POST "/users/login" for 127.0.0.1 at 2018-03-13 16:56:46 +0700
Processing by UsersController#login as HTML
  Parameters: {"utf8"=>"✓", "authenticity_token"=>"e9znO3OLVNJsC8FkhLQjw4tdaS2Rz289/semR8KaTzNDSZMfdDhdKQ4Y27KhvdD1F/1znh8UIGcfkYDPxxVhtw==", "users"=>{"username"=>"admin", "password"=>"[FILTERED]"}, "commit"=>"Đăng nhập"}
  [1m[36mUser Load (0.3ms)[0m  [1m[34mSELECT  "users".* FROM "users" WHERE "users"."username" = ? LIMIT ?[0m  [["username", "admin"], ["LIMIT", 1]]
  Rendering users/showlogin.html.erb within layouts/application
  Rendered users/showlogin.html.erb within layouts/application (2.2ms)
Completed 200 OK in 76ms (Views: 74.1ms | ActiveRecord: 0.3ms)


Started POST "/users/login" for 127.0.0.1 at 2018-03-13 16:56:55 +0700
Processing by UsersController#login as HTML
  Parameters: {"utf8"=>"✓", "authenticity_token"=>"xc0fqzJbvZEXqzIHt6lkI7LNGtAHieJ6B/Ok0sf2EVL9WGuPNei0anW4KNGSoJcVLm0AY4lSrSDmpYJawnk/1g==", "users"=>{"username"=>"decenova", "password"=>"[FILTERED]"}, "commit"=>"Đăng nhập"}
  [1m[36mUser Load (0.2ms)[0m  [1m[34mSELECT  "users".* FROM "users" WHERE "users"."username" = ? LIMIT ?[0m  [["username", "decenova"], ["LIMIT", 1]]
Completed 500 Internal Server Error in 21ms (ActiveRecord: 2.2ms)


  
NoMethodError (undefined method `authenticate' for #<User:0x007f3bffb90388>):
  
app/controllers/users_controller.rb:4:in `login'
Started POST "/users/login" for 127.0.0.1 at 2018-03-13 16:59:46 +0700
  [1m[35m (0.1ms)[0m  [1m[34mSELECT "schema_migrations"."version" FROM "schema_migrations" ORDER BY "schema_migrations"."version" ASC[0m
Processing by UsersController#login as HTML
  Parameters: {"utf8"=>"✓", "authenticity_token"=>"xc0fqzJbvZEXqzIHt6lkI7LNGtAHieJ6B/Ok0sf2EVL9WGuPNei0anW4KNGSoJcVLm0AY4lSrSDmpYJawnk/1g==", "users"=>{"username"=>"decenova", "password"=>"[FILTERED]"}, "commit"=>"Đăng nhập"}
  [1m[36mUser Load (0.2ms)[0m  [1m[34mSELECT  "users".* FROM "users" WHERE "users"."username" = ? LIMIT ?[0m  [["username", "decenova"], ["LIMIT", 1]]
Completed 500 Internal Server Error in 38ms (ActiveRecord: 1.1ms)


  
NameError (undefined local variable or method `password_digest' for #<User:0x007fb8dca74030>
Did you mean?  password):
  
app/controllers/users_controller.rb:4:in `login'
Started POST "/users/login" for 127.0.0.1 at 2018-03-13 16:59:50 +0700
Processing by UsersController#login as HTML
  Parameters: {"utf8"=>"✓", "authenticity_token"=>"xc0fqzJbvZEXqzIHt6lkI7LNGtAHieJ6B/Ok0sf2EVL9WGuPNei0anW4KNGSoJcVLm0AY4lSrSDmpYJawnk/1g==", "users"=>{"username"=>"decenova", "password"=>"[FILTERED]"}, "commit"=>"Đăng nhập"}
  [1m[36mUser Load (0.3ms)[0m  [1m[34mSELECT  "users".* FROM "users" WHERE "users"."username" = ? LIMIT ?[0m  [["username", "decenova"], ["LIMIT", 1]]
Completed 500 Internal Server Error in 29ms (ActiveRecord: 0.8ms)


  
NameError (undefined local variable or method `password_digest' for #<User:0x007fb8dcca0098>
Did you mean?  password):
  
app/controllers/users_controller.rb:4:in `login'
Started POST "/users/login" for 127.0.0.1 at 2018-03-13 16:59:51 +0700
Processing by UsersController#login as HTML
  Parameters: {"utf8"=>"✓", "authenticity_token"=>"xc0fqzJbvZEXqzIHt6lkI7LNGtAHieJ6B/Ok0sf2EVL9WGuPNei0anW4KNGSoJcVLm0AY4lSrSDmpYJawnk/1g==", "users"=>{"username"=>"decenova", "password"=>"[FILTERED]"}, "commit"=>"Đăng nhập"}
  [1m[36mUser Load (0.3ms)[0m  [1m[34mSELECT  "users".* FROM "users" WHERE "users"."username" = ? LIMIT ?[0m  [["username", "decenova"], ["LIMIT", 1]]
Completed 500 Internal Server Error in 26ms (ActiveRecord: 0.3ms)


  
NameError (undefined local variable or method `password_digest' for #<User:0x00000004b7b7c8>
Did you mean?  password):
  
app/controllers/users_controller.rb:4:in `login'
Started POST "/users/login" for 127.0.0.1 at 2018-03-13 16:59:51 +0700
Processing by UsersController#login as HTML
  Parameters: {"utf8"=>"✓", "authenticity_token"=>"xc0fqzJbvZEXqzIHt6lkI7LNGtAHieJ6B/Ok0sf2EVL9WGuPNei0anW4KNGSoJcVLm0AY4lSrSDmpYJawnk/1g==", "users"=>{"username"=>"decenova", "password"=>"[FILTERED]"}, "commit"=>"Đăng nhập"}
  [1m[36mUser Load (0.3ms)[0m  [1m[34mSELECT  "users".* FROM "users" WHERE "users"."username" = ? LIMIT ?[0m  [["username", "decenova"], ["LIMIT", 1]]
Completed 500 Internal Server Error in 25ms (ActiveRecord: 0.3ms)


  
NameError (undefined local variable or method `password_digest' for #<User:0x007fb8dca29850>
Did you mean?  password):
  
app/controllers/users_controller.rb:4:in `login'
Started POST "/users/login" for 127.0.0.1 at 2018-03-13 17:00:47 +0700
Processing by UsersController#login as HTML
  Parameters: {"utf8"=>"✓", "authenticity_token"=>"xc0fqzJbvZEXqzIHt6lkI7LNGtAHieJ6B/Ok0sf2EVL9WGuPNei0anW4KNGSoJcVLm0AY4lSrSDmpYJawnk/1g==", "users"=>{"username"=>"decenova", "password"=>"[FILTERED]"}, "commit"=>"Đăng nhập"}
  [1m[36mUser Load (0.3ms)[0m  [1m[34mSELECT  "users".* FROM "users" WHERE "users"."username" = ? LIMIT ?[0m  [["username", "decenova"], ["LIMIT", 1]]
  Rendering users/showlogin.html.erb within layouts/application
  Rendered users/showlogin.html.erb within layouts/application (10.9ms)
Completed 200 OK in 307ms (Views: 291.5ms | ActiveRecord: 1.9ms)


Started POST "/users/login" for 127.0.0.1 at 2018-03-13 17:00:56 +0700
Processing by UsersController#login as HTML
  Parameters: {"utf8"=>"✓", "authenticity_token"=>"Kqrg9vJJgkECWeWV1F2J7wys3Dn3rWNxIBKGfLFli6gSP5TS9fqLumBK/0PxVHrZkAzGinl2LCvBRKD0tOqlLA==", "users"=>{"username"=>"decenova", "password"=>"[FILTERED]"}, "commit"=>"Đăng nhập"}
  [1m[36mUser Load (0.3ms)[0m  [1m[34mSELECT  "users".* FROM "users" WHERE "users"."username" = ? LIMIT ?[0m  [["username", "decenova"], ["LIMIT", 1]]
  Rendering users/showlogin.html.erb within layouts/application
  Rendered users/showlogin.html.erb within layouts/application (4.5ms)
Completed 200 OK in 109ms (Views: 105.8ms | ActiveRecord: 0.3ms)


  [1m[35m (0.2ms)[0m  [1m[34mSELECT "schema_migrations"."version" FROM "schema_migrations" ORDER BY "schema_migrations"."version" ASC[0m
  [1m[35m (0.2ms)[0m  [1m[34mSELECT "ar_internal_metadata"."value" FROM "ar_internal_metadata" WHERE "ar_internal_metadata"."key" = ?[0m  [["key", "environment"]]
  [1m[35m (0.1ms)[0m  [1m[34mSELECT "schema_migrations"."version" FROM "schema_migrations" ORDER BY "schema_migrations"."version" ASC[0m
  [1m[35m (0.1ms)[0m  [1m[34mSELECT "ar_internal_metadata"."value" FROM "ar_internal_metadata" WHERE "ar_internal_metadata"."key" = ?[0m  [["key", "environment"]]
  [1m[35m (0.1ms)[0m  [1m[34mSELECT "schema_migrations"."version" FROM "schema_migrations" ORDER BY "schema_migrations"."version" ASC[0m
  [1m[35m (0.1ms)[0m  [1m[34mSELECT "ar_internal_metadata"."value" FROM "ar_internal_metadata" WHERE "ar_internal_metadata"."key" = ?[0m  [["key", "environment"]]
  [1m[35m (0.1ms)[0m  [1m[34mSELECT sqlite_version(*)[0m
  [1m[35m (172.3ms)[0m  [1m[35mCREATE TABLE "schema_migrations" ("version" varchar NOT NULL PRIMARY KEY)[0m
  [1m[35m (119.4ms)[0m  [1m[35mCREATE TABLE "ar_internal_metadata" ("key" varchar NOT NULL PRIMARY KEY, "value" varchar, "created_at" datetime NOT NULL, "updated_at" datetime NOT NULL)[0m
  [1m[35m (0.1ms)[0m  [1m[34mSELECT "schema_migrations"."version" FROM "schema_migrations" ORDER BY "schema_migrations"."version" ASC[0m
Migrating to CreateDayLives (20180312095230)
  [1m[35m (0.1ms)[0m  [1m[36mbegin transaction[0m
  [1m[35m (0.9ms)[0m  [1m[35mCREATE TABLE "day_lives" ("id" INTEGER PRIMARY KEY AUTOINCREMENT NOT NULL, "goal" text, "diary" text, "day" date, "status" varchar, "created_at" datetime NOT NULL, "updated_at" datetime NOT NULL)[0m
  [1m[35mSQL (0.3ms)[0m  [1m[32mINSERT INTO "schema_migrations" ("version") VALUES (?)[0m  [["version", "20180312095230"]]
  [1m[35m (122.9ms)[0m  [1m[36mcommit transaction[0m
Migrating to CreateUsers (20180313093215)
  [1m[35m (0.1ms)[0m  [1m[36mbegin transaction[0m
  [1m[35m (1.1ms)[0m  [1m[35mCREATE TABLE "users" ("id" INTEGER PRIMARY KEY AUTOINCREMENT NOT NULL, "username" varchar, "password" varchar, "created_at" datetime NOT NULL, "updated_at" datetime NOT NULL)[0m
  [1m[35mSQL (0.3ms)[0m  [1m[32mINSERT INTO "schema_migrations" ("version") VALUES (?)[0m  [["version", "20180313093215"]]
  [1m[35m (132.9ms)[0m  [1m[36mcommit transaction[0m
  [1m[36mActiveRecord::InternalMetadata Load (0.3ms)[0m  [1m[34mSELECT  "ar_internal_metadata".* FROM "ar_internal_metadata" WHERE "ar_internal_metadata"."key" = ? LIMIT ?[0m  [["key", "environment"], ["LIMIT", 1]]
  [1m[35m (0.1ms)[0m  [1m[36mbegin transaction[0m
  [1m[35mSQL (1.3ms)[0m  [1m[32mINSERT INTO "ar_internal_metadata" ("key", "value", "created_at", "updated_at") VALUES (?, ?, ?, ?)[0m  [["key", "environment"], ["value", "development"], ["created_at", "2018-03-13 10:02:08.089372"], ["updated_at", "2018-03-13 10:02:08.089372"]]
  [1m[35m (88.5ms)[0m  [1m[36mcommit transaction[0m
  [1m[35m (0.2ms)[0m  [1m[34mSELECT "schema_migrations"."version" FROM "schema_migrations" ORDER BY "schema_migrations"."version" ASC[0m
  [1m[35m (0.3ms)[0m  [1m[34mSELECT "schema_migrations"."version" FROM "schema_migrations" ORDER BY "schema_migrations"."version" ASC[0m
  [1m[35m (0.2ms)[0m  [1m[34mSELECT "schema_migrations"."version" FROM "schema_migrations" ORDER BY "schema_migrations"."version" ASC[0m
  [1m[35m (0.1ms)[0m  [1m[36mbegin transaction[0m
  [1m[35mSQL (2.6ms)[0m  [1m[32mINSERT INTO "users" ("username", "password", "created_at", "updated_at") VALUES (?, ?, ?, ?)[0m  [["username", "decenova"], ["password", "123456"], ["created_at", "2018-03-13 10:03:22.563172"], ["updated_at", "2018-03-13 10:03:22.563172"]]
  [1m[35m (78.1ms)[0m  [1m[36mcommit transaction[0m
Started POST "/users/login" for 127.0.0.1 at 2018-03-13 17:03:34 +0700
Processing by UsersController#login as HTML
  Parameters: {"utf8"=>"✓", "authenticity_token"=>"pVQEEoXxrpIvomHt36bZ8raDO56eEC4QEU0qazgLIPadwXA2gkKnaU2xezv6ryrEKiMhLRDLYUrwGwzjPYQOcg==", "users"=>{"username"=>"decenova", "password"=>"[FILTERED]"}, "commit"=>"Đăng nhập"}
  [1m[36mUser Load (0.3ms)[0m  [1m[34mSELECT  "users".* FROM "users" WHERE "users"."username" = ? LIMIT ?[0m  [["username", "decenova"], ["LIMIT", 1]]
Redirected to http://localhost:3000/day_lives
Completed 302 Found in 14ms (ActiveRecord: 1.6ms)


Started GET "/day_lives" for 127.0.0.1 at 2018-03-13 17:03:34 +0700
Processing by DayLivesController#index as HTML
  Rendering day_lives/index.html.erb within layouts/application
  [1m[36mDayLife Load (0.2ms)[0m  [1m[34mSELECT "day_lives".* FROM "day_lives"[0m
  Rendered day_lives/index.html.erb within layouts/application (3.3ms)
Completed 200 OK in 52ms (Views: 48.9ms | ActiveRecord: 0.6ms)


Started GET "/day_lives" for 127.0.0.1 at 2018-03-13 17:03:45 +0700
Processing by DayLivesController#index as HTML
  Rendering day_lives/index.html.erb within layouts/application
  [1m[36mDayLife Load (0.3ms)[0m  [1m[34mSELECT "day_lives".* FROM "day_lives"[0m
  Rendered day_lives/index.html.erb within layouts/application (2.4ms)
Completed 200 OK in 74ms (Views: 72.0ms | ActiveRecord: 0.3ms)


Started GET "/" for 127.0.0.1 at 2018-03-13 17:03:48 +0700
Processing by UsersController#showlogin as HTML
  Rendering users/showlogin.html.erb within layouts/application
  Rendered users/showlogin.html.erb within layouts/application (2.9ms)
Completed 200 OK in 58ms (Views: 56.5ms | ActiveRecord: 0.0ms)


Started GET "/" for 127.0.0.1 at 2018-03-13 17:05:30 +0700
Processing by UsersController#showlogin as HTML
  Rendering users/showlogin.html.erb within layouts/application
  Rendered users/showlogin.html.erb within layouts/application (1.8ms)
Completed 200 OK in 63ms (Views: 61.9ms)


Started POST "/users/login" for 127.0.0.1 at 2018-03-13 17:05:32 +0700
Processing by UsersController#login as HTML
  Parameters: {"utf8"=>"✓", "authenticity_token"=>"mMwBcknz3fiVTjg8AUsfordu7KUGXVDz9f3D+KxJGQKgWXVWTkDUA/ddIuokQuyUK872FoiGH6kUq+VwqcY3hg==", "users"=>{"username"=>"decenova", "password"=>"[FILTERED]"}, "commit"=>"Đăng nhập"}
  [1m[36mUser Load (0.3ms)[0m  [1m[34mSELECT  "users".* FROM "users" WHERE "users"."id" = ? LIMIT ?[0m  [["id", 1], ["LIMIT", 1]]
Redirected to http://localhost:3000/day_lives
  [1m[36mUser Load (0.2ms)[0m  [1m[34mSELECT  "users".* FROM "users" WHERE "users"."username" = ? LIMIT ?[0m  [["username", "decenova"], ["LIMIT", 1]]
Redirected to 
Completed 500 Internal Server Error in 20ms (ActiveRecord: 2.3ms)


  
AbstractController::DoubleRenderError (Render and/or redirect were called multiple times in this action. Please note that you may only call render OR redirect, and at most once per action. Also note that neither redirect nor render terminate execution of the action, so if you want to exit an action after redirecting, you need to do something like "redirect_to(...) and return".):
  
app/controllers/users_controller.rb:10:in `login'
Started POST "/users/login" for 127.0.0.1 at 2018-03-13 17:05:48 +0700
Processing by UsersController#login as HTML
  Parameters: {"utf8"=>"✓", "authenticity_token"=>"mMwBcknz3fiVTjg8AUsfordu7KUGXVDz9f3D+KxJGQKgWXVWTkDUA/ddIuokQuyUK872FoiGH6kUq+VwqcY3hg==", "users"=>{"username"=>"decenova", "password"=>"[FILTERED]"}, "commit"=>"Đăng nhập"}
  [1m[36mUser Load (0.2ms)[0m  [1m[34mSELECT  "users".* FROM "users" WHERE "users"."id" = ? LIMIT ?[0m  [["id", 1], ["LIMIT", 1]]
Redirected to http://localhost:3000/day_lives
  [1m[36mUser Load (0.2ms)[0m  [1m[34mSELECT  "users".* FROM "users" WHERE "users"."username" = ? LIMIT ?[0m  [["username", "decenova"], ["LIMIT", 1]]
Redirected to 
Completed 500 Internal Server Error in 4ms (ActiveRecord: 0.4ms)


  
AbstractController::DoubleRenderError (Render and/or redirect were called multiple times in this action. Please note that you may only call render OR redirect, and at most once per action. Also note that neither redirect nor render terminate execution of the action, so if you want to exit an action after redirecting, you need to do something like "redirect_to(...) and return".):
  
app/controllers/users_controller.rb:10:in `login'
Started POST "/users/login" for 127.0.0.1 at 2018-03-13 17:07:22 +0700
Processing by UsersController#login as HTML
  Parameters: {"utf8"=>"✓", "authenticity_token"=>"mMwBcknz3fiVTjg8AUsfordu7KUGXVDz9f3D+KxJGQKgWXVWTkDUA/ddIuokQuyUK872FoiGH6kUq+VwqcY3hg==", "users"=>{"username"=>"decenova", "password"=>"[FILTERED]"}, "commit"=>"Đăng nhập"}
  [1m[36mUser Load (0.1ms)[0m  [1m[34mSELECT  "users".* FROM "users" WHERE "users"."id" = ? LIMIT ?[0m  [["id", 1], ["LIMIT", 1]]
Redirected to http://localhost:3000/day_lives
Completed 302 Found in 11ms (ActiveRecord: 1.1ms)


Started GET "/day_lives" for 127.0.0.1 at 2018-03-13 17:07:22 +0700
Processing by DayLivesController#index as HTML
  Rendering day_lives/index.html.erb within layouts/application
  [1m[36mDayLife Load (0.2ms)[0m  [1m[34mSELECT "day_lives".* FROM "day_lives"[0m
  Rendered day_lives/index.html.erb within layouts/application (4.3ms)
Completed 200 OK in 58ms (Views: 53.5ms | ActiveRecord: 0.7ms)


Started GET "/" for 127.0.0.1 at 2018-03-13 17:07:28 +0700
Processing by UsersController#showlogin as HTML
  Rendering users/showlogin.html.erb within layouts/application
  Rendered users/showlogin.html.erb within layouts/application (2.2ms)
Completed 200 OK in 66ms (Views: 64.7ms | ActiveRecord: 0.0ms)


Started GET "/" for 127.0.0.1 at 2018-03-13 17:07:56 +0700
Processing by UsersController#login as HTML
  [1m[36mUser Load (0.2ms)[0m  [1m[34mSELECT  "users".* FROM "users" WHERE "users"."id" = ? LIMIT ?[0m  [["id", 1], ["LIMIT", 1]]
Redirected to http://localhost:3000/day_lives
Completed 302 Found in 13ms (ActiveRecord: 1.6ms)


Started GET "/day_lives" for 127.0.0.1 at 2018-03-13 17:07:56 +0700
Processing by DayLivesController#index as HTML
  Rendering day_lives/index.html.erb within layouts/application
  [1m[36mDayLife Load (0.2ms)[0m  [1m[34mSELECT "day_lives".* FROM "day_lives"[0m
  Rendered day_lives/index.html.erb within layouts/application (3.0ms)
Completed 200 OK in 68ms (Views: 63.6ms | ActiveRecord: 0.5ms)


Started GET "/" for 127.0.0.1 at 2018-03-13 17:07:59 +0700
Processing by UsersController#login as HTML
  [1m[36mUser Load (0.2ms)[0m  [1m[34mSELECT  "users".* FROM "users" WHERE "users"."id" = ? LIMIT ?[0m  [["id", 1], ["LIMIT", 1]]
Redirected to http://localhost:3000/day_lives
Completed 302 Found in 2ms (ActiveRecord: 0.2ms)


Started GET "/day_lives" for 127.0.0.1 at 2018-03-13 17:08:00 +0700
Processing by DayLivesController#index as HTML
  Rendering day_lives/index.html.erb within layouts/application
  [1m[36mDayLife Load (0.2ms)[0m  [1m[34mSELECT "day_lives".* FROM "day_lives"[0m
  Rendered day_lives/index.html.erb within layouts/application (1.7ms)
Completed 200 OK in 57ms (Views: 55.7ms | ActiveRecord: 0.2ms)


